[12/6/2024, 12:22:19 PM] INFO: Fetched 5 festivals for page 1 with limit 5
[12/6/2024, 12:22:19 PM] INFO: Fetched 5 festivals for page 1 with limit 5
[12/6/2024, 12:30:30 PM] INFO: Fetched 5 festivals for page 1 with limit 5
[12/6/2024, 12:30:30 PM] INFO: Fetched 5 festivals for page 1 with limit 5
[12/6/2024, 12:32:00 PM] INFO: Fetched 5 festivals for page 1 with limit 5
[12/6/2024, 12:32:00 PM] INFO: Fetched 5 festivals for page 1 with limit 5
[12/6/2024, 12:49:29 PM] INFO: Fetched 5 festivals for page 1 with limit 5
[12/6/2024, 12:49:29 PM] INFO: Fetched 5 festivals for page 1 with limit 5
[12/6/2024, 1:04:43 PM] INFO: Fetched 5 festivals for page 1 with limit 5
[12/6/2024, 1:04:43 PM] INFO: Fetched 5 festivals for page 1 with limit 5
[12/6/2024, 1:26:05 PM] INFO: Redis connection closed
[12/6/2024, 1:28:09 PM] INFO: Connected to MongoDB successfully!
[12/6/2024, 1:28:09 PM] INFO: Connected to Redis successfully!
[12/6/2024, 1:28:09 PM] INFO: Server is running on http://localhost:5001
[12/6/2024, 1:28:13 PM] INFO: Fetched 5 festivals for page 1 with limit 5
[12/6/2024, 1:28:13 PM] INFO: Fetched 5 festivals for page 1 with limit 5
[12/6/2024, 1:28:54 PM] INFO: Fetched 5 festivals for page 1 with limit 5
[12/6/2024, 1:28:54 PM] INFO: Fetched 5 festivals for page 1 with limit 5
[12/6/2024, 1:29:48 PM] INFO: Fetched 5 festivals for page 1 with limit 5
[12/6/2024, 1:29:48 PM] INFO: Fetched 5 festivals for page 1 with limit 5
[12/6/2024, 1:30:23 PM] INFO: Fetched 5 festivals for page 1 with limit 5
[12/6/2024, 1:30:23 PM] INFO: Fetched 5 festivals for page 1 with limit 5
[12/6/2024, 1:33:19 PM] INFO: Fetched 5 festivals for page 1 with limit 5
[12/6/2024, 1:33:19 PM] INFO: Fetched 5 festivals for page 1 with limit 5
[12/6/2024, 1:33:51 PM] INFO: Redis connection closed
[12/6/2024, 1:33:53 PM] INFO: Connected to MongoDB successfully!
[12/6/2024, 1:33:53 PM] INFO: Connected to Redis successfully!
[12/6/2024, 1:33:53 PM] INFO: Server is running on http://localhost:5001
[12/6/2024, 1:33:57 PM] INFO: Fetched 5 festivals for page 1 with limit 5
[12/6/2024, 1:33:57 PM] INFO: Fetched 5 festivals for page 1 with limit 5
[12/6/2024, 1:35:37 PM] INFO: Redis connection closed
[12/6/2024, 1:35:49 PM] INFO: Connected to MongoDB successfully!
[12/6/2024, 1:35:49 PM] INFO: Connected to Redis successfully!
[12/6/2024, 1:35:49 PM] INFO: Server is running on http://localhost:5001
[12/6/2024, 1:35:57 PM] INFO: Fetched 5 festivals for page 1 with limit 5
[12/6/2024, 1:35:57 PM] INFO: Fetched 5 festivals for page 1 with limit 5
[12/6/2024, 1:37:06 PM] ERROR: Error closing Redis:
[12/6/2024, 1:37:15 PM] INFO: Connected to MongoDB successfully!
[12/6/2024, 1:37:15 PM] INFO: Connected to Redis successfully!
[12/6/2024, 1:37:15 PM] INFO: Server is running on http://localhost:5001
[12/6/2024, 1:37:24 PM] INFO: Fetched 5 festivals for page 1 with limit 5
[12/6/2024, 1:37:25 PM] INFO: Fetched 5 festivals for page 1 with limit 5
[12/6/2024, 1:38:05 PM] INFO: Fetched 5 festivals for page 1 with limit 5
[12/6/2024, 1:38:05 PM] INFO: Fetched 5 festivals for page 1 with limit 5
[12/6/2024, 2:00:39 PM] INFO: Fetched 5 festivals for page 1 with limit 5
[12/6/2024, 2:00:39 PM] INFO: Fetched 5 festivals for page 1 with limit 5
