[12/4/2024, 1:01:51 PM] INFO: Connected to MongoDB successfully!
[12/4/2024, 1:01:51 PM] INFO: Connected to Redis successfully!
[12/4/2024, 1:01:51 PM] INFO: Server is running on http://localhost:5001
[12/4/2024, 1:02:42 PM] INFO: Fetched 630 festivals
[12/4/2024, 1:03:38 PM] INFO: Fetched 630 festivals
[12/4/2024, 1:04:34 PM] INFO: Fetched 630 performers
[12/4/2024, 1:05:45 PM] INFO: Fetched 630 performers
[12/4/2024, 1:37:38 PM] ERROR: Error closing Redis:
[12/4/2024, 1:37:39 PM] INFO: MongoDB connection closed
[12/4/2024, 1:37:48 PM] INFO: Connected to MongoDB successfully!
[12/4/2024, 1:37:48 PM] INFO: Connected to Redis successfully!
[12/4/2024, 1:37:48 PM] INFO: Server is running on http://localhost:5001
[12/4/2024, 1:39:01 PM] INFO: Fetched 630 performers
[12/4/2024, 1:48:00 PM] INFO: Redis connection closed
[12/4/2024, 1:48:03 PM] INFO: Connected to MongoDB successfully!
[12/4/2024, 1:48:03 PM] INFO: Connected to Redis successfully!
[12/4/2024, 1:48:03 PM] INFO: Server is running on http://localhost:5001
[12/4/2024, 2:33:58 PM] INFO: Redis connection closed
[12/4/2024, 2:33:59 PM] INFO: MongoDB connection closed
[12/4/2024, 2:34:04 PM] INFO: Connected to MongoDB successfully!
[12/4/2024, 2:34:04 PM] INFO: Connected to Redis successfully!
[12/4/2024, 2:34:04 PM] INFO: Server is running on http://localhost:5001
[12/4/2024, 2:37:26 PM] ERROR: Error closing Redis:
[12/4/2024, 2:37:42 PM] INFO: Connected to MongoDB successfully!
[12/4/2024, 2:37:42 PM] INFO: Connected to Redis successfully!
[12/4/2024, 2:37:42 PM] INFO: Server is running on http://localhost:5001
[12/4/2024, 2:47:28 PM] ERROR: Error closing Redis:
[12/4/2024, 2:47:40 PM] INFO: Connected to MongoDB successfully!
[12/4/2024, 2:47:40 PM] INFO: Connected to Redis successfully!
[12/4/2024, 2:47:40 PM] INFO: Server is running on http://localhost:5001
[12/4/2024, 2:47:46 PM] INFO: Fetched 10 festivals for page 1 with limit 10
[12/4/2024, 2:49:01 PM] ERROR: Error closing Redis:
[12/4/2024, 2:49:13 PM] INFO: Connected to MongoDB successfully!
[12/4/2024, 2:49:13 PM] INFO: Connected to Redis successfully!
[12/4/2024, 2:49:13 PM] INFO: Server is running on http://localhost:5001
[12/4/2024, 2:59:53 PM] ERROR: Error closing Redis:
[12/4/2024, 3:03:01 PM] INFO: Connected to MongoDB successfully!
[12/4/2024, 3:03:01 PM] INFO: Connected to Redis successfully!
[12/4/2024, 3:03:01 PM] INFO: Server is running on http://localhost:5001
[12/4/2024, 3:03:33 PM] INFO: Fetched 10 festivals for page 1 with limit 10
[12/4/2024, 3:08:26 PM] ERROR: Error closing Redis:
[12/4/2024, 3:08:50 PM] INFO: Connected to MongoDB successfully!
[12/4/2024, 3:08:50 PM] INFO: Connected to Redis successfully!
[12/4/2024, 3:08:50 PM] INFO: Server is running on http://localhost:5001
[12/4/2024, 3:08:56 PM] INFO: Fetched 10 festivals for page 1 with limit 10
[12/4/2024, 3:11:39 PM] ERROR: Error closing Redis:
[12/4/2024, 3:11:48 PM] INFO: Connected to MongoDB successfully!
[12/4/2024, 3:11:48 PM] INFO: Connected to Redis successfully!
[12/4/2024, 3:11:48 PM] INFO: Server is running on http://localhost:5001
[12/4/2024, 3:50:46 PM] ERROR: Error closing Redis:
[12/4/2024, 3:50:58 PM] INFO: Connected to MongoDB successfully!
[12/4/2024, 3:50:58 PM] INFO: Connected to Redis successfully!
[12/4/2024, 3:50:58 PM] INFO: Server is running on http://localhost:5001
[12/4/2024, 3:55:14 PM] ERROR: Error closing Redis:
[12/4/2024, 3:55:26 PM] INFO: Connected to MongoDB successfully!
[12/4/2024, 3:55:27 PM] INFO: Connected to Redis successfully!
[12/4/2024, 3:55:27 PM] INFO: Server is running on http://localhost:5001
[12/4/2024, 4:09:34 PM] ERROR: Error closing Redis:
[12/4/2024, 4:16:07 PM] INFO: Connected to MongoDB successfully!
[12/4/2024, 4:16:07 PM] INFO: Connected to Redis successfully!
[12/4/2024, 4:16:07 PM] INFO: Server is running on http://localhost:5001
[12/4/2024, 4:23:46 PM] ERROR: Error closing Redis:
[12/4/2024, 4:24:04 PM] INFO: Connected to MongoDB successfully!
[12/4/2024, 4:24:04 PM] INFO: Connected to Redis successfully!
[12/4/2024, 4:24:04 PM] INFO: Server is running on http://localhost:5001
[12/4/2024, 4:25:47 PM] INFO: Connected to MongoDB successfully!
[12/4/2024, 4:25:47 PM] INFO: Connected to Redis successfully!
[12/4/2024, 4:25:47 PM] INFO: Server is running on http://localhost:5001
[12/4/2024, 4:28:56 PM] ERROR: Error closing Redis:
[12/4/2024, 4:29:03 PM] INFO: Connected to MongoDB successfully!
[12/4/2024, 4:29:03 PM] INFO: Connected to Redis successfully!
[12/4/2024, 4:29:03 PM] INFO: Server is running on http://localhost:5001
[12/4/2024, 4:39:35 PM] INFO: Redis connection closed
[12/4/2024, 4:39:40 PM] INFO: Connected to MongoDB successfully!
[12/4/2024, 4:39:40 PM] INFO: Connected to Redis successfully!
[12/4/2024, 4:39:40 PM] INFO: Server is running on http://localhost:5001
[12/4/2024, 4:43:22 PM] ERROR: Error closing Redis:
[12/4/2024, 4:44:25 PM] INFO: Connected to MongoDB successfully!
[12/4/2024, 4:44:25 PM] INFO: Connected to Redis successfully!
[12/4/2024, 4:44:25 PM] INFO: Server is running on http://localhost:5001
[12/4/2024, 4:48:04 PM] ERROR: Error closing Redis:
[12/4/2024, 4:48:10 PM] INFO: Connected to MongoDB successfully!
[12/4/2024, 4:48:10 PM] INFO: Connected to Redis successfully!
[12/4/2024, 4:48:10 PM] INFO: Server is running on http://localhost:5001
