[12/5/2024, 9:19:51 AM] ERROR: Error closing Redis:
[12/5/2024, 9:19:51 AM] INFO: MongoDB connection closed
[12/5/2024, 9:20:02 AM] INFO: Connected to MongoDB successfully!
[12/5/2024, 9:20:02 AM] INFO: Connected to Redis successfully!
[12/5/2024, 9:20:02 AM] INFO: Server is running on http://localhost:5001
[12/5/2024, 11:29:34 AM] ERROR: Error closing Redis:
[12/5/2024, 11:34:31 AM] INFO: Connected to MongoDB successfully!
[12/5/2024, 11:34:31 AM] INFO: Connected to Redis successfully!
[12/5/2024, 11:34:31 AM] INFO: Server is running on http://localhost:5001
[12/5/2024, 11:37:34 AM] INFO: Connected to MongoDB successfully!
[12/5/2024, 11:37:34 AM] INFO: Connected to Redis successfully!
[12/5/2024, 11:37:48 AM] INFO: Redis connection closed
[12/5/2024, 11:38:01 AM] INFO: Connected to MongoDB successfully!
[12/5/2024, 11:38:01 AM] INFO: Connected to Redis successfully!
[12/5/2024, 11:38:01 AM] INFO: Server is running on http://localhost:5001
[12/5/2024, 11:39:37 AM] INFO: Connected to MongoDB successfully!
[12/5/2024, 11:39:38 AM] INFO: Connected to Redis successfully!
[12/5/2024, 11:39:38 AM] INFO: Server is running on http://localhost:5001
[12/5/2024, 11:39:47 AM] INFO: Connected to MongoDB successfully!
[12/5/2024, 11:39:47 AM] INFO: Connected to Redis successfully!
[12/5/2024, 11:51:28 AM] ERROR: Error closing Redis:
[12/5/2024, 11:51:39 AM] INFO: Connected to MongoDB successfully!
[12/5/2024, 11:51:39 AM] INFO: Connected to Redis successfully!
[12/5/2024, 11:51:39 AM] INFO: Server is running on http://localhost:5001
[12/5/2024, 7:32:39 PM] ERROR: Error closing Redis:
[12/5/2024, 7:32:39 PM] INFO: MongoDB connection closed
